[debug] [2018-03-18T21:03:27.025Z] ----------------------------------------------------------------------
[debug] [2018-03-18T21:03:27.027Z] Command:       C:\Program Files\nodejs\node.exe C:\Users\phaze\AppData\Roaming\npm\node_modules\firebase-tools\bin\firebase deploy
[debug] [2018-03-18T21:03:27.028Z] CLI Version:   3.17.4
[debug] [2018-03-18T21:03:27.028Z] Platform:      win32
[debug] [2018-03-18T21:03:27.028Z] Node Version:  v8.9.3
[debug] [2018-03-18T21:03:27.028Z] Time:          Sun Mar 18 2018 14:03:27 GMT-0700 (Pacific Daylight Time)
[debug] [2018-03-18T21:03:27.028Z] ----------------------------------------------------------------------
[debug] 
[debug] [2018-03-18T21:03:27.046Z] > command requires scopes: ["email","openid","https://www.googleapis.com/auth/cloudplatformprojects.readonly","https://www.googleapis.com/auth/firebase","https://www.googleapis.com/auth/cloud-platform"]
[debug] [2018-03-18T21:03:27.047Z] > authorizing via signed-in user
[debug] [2018-03-18T21:03:27.050Z] > refreshing access token with scopes: ["email","https://www.googleapis.com/auth/cloud-platform","https://www.googleapis.com/auth/cloudplatformprojects.readonly","https://www.googleapis.com/auth/firebase","openid"]
[debug] [2018-03-18T21:03:27.050Z] >>> HTTP REQUEST POST https://www.googleapis.com/oauth2/v3/token  
 { refresh_token: '1/8D7yKuBtbssiP6Gd3dHX3uPYzIkOtHOdM2kwQXm8b5I',
  client_id: '563584335869-fgrhgmd47bqnekij5i8b5pr03ho849e6.apps.googleusercontent.com',
  client_secret: 'j9iVZfS8kkCEFUPaAeJV0sAi',
  grant_type: 'refresh_token',
  scope: 'email https://www.googleapis.com/auth/cloud-platform https://www.googleapis.com/auth/cloudplatformprojects.readonly https://www.googleapis.com/auth/firebase openid' } 
 Sun Mar 18 2018 14:03:27 GMT-0700 (Pacific Daylight Time)
[debug] [2018-03-18T21:03:27.204Z] <<< HTTP RESPONSE 200
[debug] [2018-03-18T21:03:27.212Z] >>> HTTP REQUEST GET https://admin.firebase.com/v1/projects/em-pro-audio  
  
 Sun Mar 18 2018 14:03:27 GMT-0700 (Pacific Daylight Time)
[debug] [2018-03-18T21:03:27.669Z] <<< HTTP RESPONSE 200
[debug] [2018-03-18T21:03:27.670Z] >>> HTTP REQUEST GET https://admin.firebase.com/v1/database/em-pro-audio-88747/tokens  
  
 Sun Mar 18 2018 14:03:27 GMT-0700 (Pacific Daylight Time)
[debug] [2018-03-18T21:03:27.988Z] <<< HTTP RESPONSE 200
[info] 
[info] === Deploying to 'em-pro-audio'...
[info] 
[info] i  deploying functions, hosting
[info] Running command: npm --prefix %RESOURCE_DIR% run lint
